
> podlive-web@0.1.0 build
> next build

▲ Next.js 16.1.6 (Turbopack)

  Creating an optimized production build ...
✓ Compiled successfully in 1755.2ms
  Running TypeScript ...
  Collecting page data using 7 workers ...
  Generating static pages using 7 workers (0/11) ...
  Generating static pages using 7 workers (2/11) 
  Generating static pages using 7 workers (5/11) 
  Generating static pages using 7 workers (8/11) 
✓ Generating static pages using 7 workers (11/11) in 123.1ms
  Finalizing page optimization ...

Route (app)
┌ ○ /
├ ○ /_not-found
├ ○ /dashboard
├ ○ /dashboard/audience
├ ○ /dashboard/recordings
├ ○ /dashboard/settings
├ ○ /discover
├ ƒ /live/[id]
├ ○ /login
└ ○ /register


○  (Static)   prerendered as static content
ƒ  (Dynamic)  server-rendered on demand

